<?xml version="1.0" encoding="UTF-8"?>
<!-- Generated by org.testng.reporters.JUnitXMLReporter -->
<testsuite hostname="ANIL" ignored="1" name="Default test" tests="1" failures="0" timestamp="25 Aug 2018 19:16:26 GMT" time="0.145" errors="0">
  <testcase name="@BeforeTest startReport" time="0.0" classname="com.automation.ecommerce.basePage.BasePage">
    <failure type="org.testng.TestNGException" message="
Can inject only one of &amp;lt;ITestContext, XmlTest&amp;gt; into a @BeforeTest annotated startReport.
For more information on native dependency injection please refer to http://testng.org/doc/documentation-main.html#native-dependency-injection">
      <![CDATA[org.testng.TestNGException: 
Can inject only one of <ITestContext, XmlTest> into a @BeforeTest annotated startReport.
For more information on native dependency injection please refer to http://testng.org/doc/documentation-main.html#native-dependency-injection
at org.testng.internal.Parameters.checkParameterTypes(Parameters.java:407)
at org.testng.internal.Parameters.createParametersForMethod(Parameters.java:356)
at org.testng.internal.Parameters.createParameters(Parameters.java:635)
at org.testng.internal.Parameters.createConfigurationParameters(Parameters.java:190)
at org.testng.internal.Invoker.invokeConfigurations(Invoker.java:209)
at org.testng.internal.Invoker.invokeConfigurations(Invoker.java:142)
at org.testng.TestRunner.beforeRun(TestRunner.java:529)
at org.testng.TestRunner.run(TestRunner.java:497)
at org.testng.SuiteRunner.runTest(SuiteRunner.java:455)
at org.testng.SuiteRunner.runSequentially(SuiteRunner.java:450)
at org.testng.SuiteRunner.privateRun(SuiteRunner.java:415)
at org.testng.SuiteRunner.run(SuiteRunner.java:364)
at org.testng.SuiteRunnerWorker.runSuite(SuiteRunnerWorker.java:52)
at org.testng.SuiteRunnerWorker.run(SuiteRunnerWorker.java:84)
at org.testng.TestNG.runSuitesSequentially(TestNG.java:1208)
at org.testng.TestNG.runSuitesLocally(TestNG.java:1137)
at org.testng.TestNG.runSuites(TestNG.java:1049)
at org.testng.TestNG.run(TestNG.java:1017)
at org.testng.remote.AbstractRemoteTestNG.run(AbstractRemoteTestNG.java:114)
at org.testng.remote.RemoteTestNG.initAndRun(RemoteTestNG.java:251)
at org.testng.remote.RemoteTestNG.main(RemoteTestNG.java:77)
]]>
    </failure>
  </testcase> <!-- @BeforeTest startReport -->
  <testcase name="@BeforeTest setUp" time="0.0" classname="com.automation.ecommerce.homePage.TC001_CustomerRegistration">
    <skipped/>
  </testcase> <!-- @BeforeTest setUp -->
  <testcase name="@AfterMethod endReport" time="0.0" classname="com.automation.ecommerce.basePage.BasePage">
    <skipped/>
  </testcase> <!-- @AfterMethod endReport -->
  <testcase name="@AfterClass endTest" time="0.0" classname="com.automation.ecommerce.basePage.BasePage">
    <skipped/>
  </testcase> <!-- @AfterClass endTest -->
  <testcase name="customerRegistration" time="0.0" classname="com.automation.ecommerce.homePage.TC001_CustomerRegistration">
    <skipped/>
  </testcase> <!-- customerRegistration -->
  <testcase name="signIn" time="0.0" classname="com.automation.ecommerce.homePage.TC001_CustomerRegistration">
    <ignored/>
  </testcase> <!-- signIn -->
</testsuite> <!-- Default test -->
